<?xml version="1.0" encoding="UTF-8"?>
<testsuite xmlns:xsi="http://www.w3.org/2001/XMLSchema-instance" xsi:schemaLocation="https://maven.apache.org/surefire/maven-surefire-plugin/xsd/surefire-test-report.xsd" name="hr.kaba.hiso.message.bitmap.BitmapTest" time="0.005" tests="7" errors="0" skipped="0" failures="0">
  <properties>
[...]
</properties>
  <testcase name="testBinaryToHexConversion" classname="hr.kaba.hiso.message.bitmap.BitmapTest" time="0"/>
  <testcase name="testHexToBinaryConversion" classname="hr.kaba.hiso.message.bitmap.BitmapTest" time="0"/>
  <testcase name="testFieldValuesPairing" classname="hr.kaba.hiso.message.bitmap.BitmapTest" time="0"/>
  <testcase name="testEncodingMultipleFields" classname="hr.kaba.hiso.message.bitmap.BitmapTest" time="0"/>
  <testcase name="testEnodingPrimaryBitmap" classname="hr.kaba.hiso.message.bitmap.BitmapTest" time="0.003"/>
  <testcase name="testEncodingSecondaryBitmapFields" classname="hr.kaba.hiso.message.bitmap.BitmapTest" time="0"/>
  <testcase name="testEncodingBitmapFromFields" classname="hr.kaba.hiso.message.bitmap.BitmapTest" time="0"/>
</testsuite>